#
# A fatal error has been detected by the Java Runtime Environment:
#
#  SIGFPE (0x8) at pc=0x00007ff80643daba, pid=21915, tid=0x0000000000000103
#
# JRE version: Java(TM) SE Runtime Environment (8.0_202-b08) (build 1.8.0_202-b08)
# Java VM: Java HotSpot(TM) 64-Bit Server VM (25.202-b08 mixed mode bsd-amd64 compressed oops)
# Problematic frame:
# C  [libsystem_kernel.dylib+0xaba]  mach_msg_trap+0xa
#
# Failed to write core dump. Core dumps have been disabled. To enable core dumping, try "ulimit -c unlimited" before starting Java again
#
# If you would like to submit a bug report, please visit:
#   http://bugreport.java.com/bugreport/crash.jsp
#

---------------  T H R E A D  ---------------

Current thread is native thread

siginfo: si_signo: 8 (SIGFPE), si_code: 7 (FPE_INTDIV), si_addr: 0x00007ff80643daba

Registers:
RAX=0x0000000010004005, RBX=0x0000000007000806, RCX=0x0000000000000c00, RDX=0x0000000007000806
RSP=0x00000003089ecf48, RBP=0x00000003089ecfa0, RSI=0x0000000007000806, RDI=0x00000003089ed140
R8 =0x0000000000001503, R9 =0x00000000ffffffff, R10=0x0000000000000c00, R11=0x0000600002aac028
R12=0x0000000000000c00, R13=0x0000000007000806, R14=0x00000003089ed140, R15=0x00000000ffffffff
RIP=0x00007ff80643daba, EFLAGS=0x0000000000000206, ERR=0x0000000000000000
  TRAPNO=0x00000000000000de

Top of Stack: (sp=0x00000003089ecf48)
0x00000003089ecf48:   00007ff80643de2b 0000000000000000
0x00000003089ecf58:   00000000ffffffff 00000003089ecfa0
0x00000003089ecf68:   000000000643d899 0000150300000000
0x00000003089ecf78:   0000600002dac000 0000000000001503
0x00000003089ecf88:   00000003089ed140 0000600002aac000
0x00000003089ecf98:   00000003089ed0b8 00000003089ed020
0x00000003089ecfa8:   00007ff806540df1 0000600000000000
0x00000003089ecfb8:   0000000000000000 00000003089ed0c8
0x00000003089ecfc8:   00000003089ed0b4 07000806089ed020
0x00000003089ecfd8:   0000000000000000 00000003089ed0c0
0x00000003089ecfe8:   00000000ffffffff 00001503ffffffff
0x00000003089ecff8:   0000000000000000 0000000000001503
0x00000003089ed008:   00000000ffffffff 0000600002aac000
0x00000003089ed018:   0000600002dac000 00000003089edd70
0x00000003089ed028:   00007ff80653f4af 0000600002aac000
0x00000003089ed038:   0000600002dac000 0000000000000000
0x00000003089ed048:   0000000000002903 0000600002dac0b8
0x00000003089ed058:   00007ff84903dd70 41c4573479702728
0x00000003089ed068:   0000000000001703 0000000000000000
0x00000003089ed078:   0000600002dac010 0000600002aac010
0x00000003089ed088:   ffffffffffffffff 4415af1d78b58c00
0x00000003089ed098:   0000290347abb200 0000000000002900
0x00000003089ed0a8:   00000000016ac000 0000000000001703
0x00000003089ed0b8:   00000003089ed140 0000000000000000
0x00000003089ed0c8:   ffffffffffffffff 000000200a967000
0x00000003089ed0d8:   0000000000000001 0000000000000001
0x00000003089ed0e8:   000000010a967000 000000010a967200
0x00000003089ed0f8:   0000000000000006 00000003089ed160
0x00000003089ed108:   00007ff806293619 00000003089ed140
0x00000003089ed118:   0000000202696545 00000003089ed150
0x00000003089ed128:   0000000000000000 00000003089ed218
0x00000003089ed138:   00000001022d5000 00000c0000000000 

Instructions: (pc=0x00007ff80643daba)
0x00007ff80643da9a:   ca b8 1c 00 00 01 0f 05 c3 90 49 89 ca b8 1d 00
0x00007ff80643daaa:   00 01 0f 05 c3 90 49 89 ca b8 1f 00 00 01 0f 05
0x00007ff80643daba:   c3 90 49 89 ca b8 20 00 00 01 0f 05 c3 90 49 89
0x00007ff80643daca:   ca b8 21 00 00 01 0f 05 c3 90 49 89 ca b8 22 00 

Register to memory mapping:

RAX=0x0000000010004005 is an unknown value
RBX=0x0000000007000806 is an unknown value
RCX=0x0000000000000c00 is an unknown value
RDX=0x0000000007000806 is an unknown value
RSP=0x00000003089ecf48 is an unknown value
RBP=0x00000003089ecfa0 is an unknown value
RSI=0x0000000007000806 is an unknown value
RDI=0x00000003089ed140 is an unknown value
R8 =0x0000000000001503 is an unknown value
R9 =0x00000000ffffffff is an unknown value
R10=0x0000000000000c00 is an unknown value
R11=0x0000600002aac028 is an unknown value
R12=0x0000000000000c00 is an unknown value
R13=0x0000000007000806 is an unknown value
R14=0x00000003089ed140 is an unknown value
R15=0x00000000ffffffff is an unknown value


Stack: [0x00000003081f1000,0x00000003089f1000],  sp=0x00000003089ecf48,  free space=8175k
Native frames: (J=compiled Java code, j=interpreted, Vv=VM code, C=native code)
C  [libsystem_kernel.dylib+0xaba]  mach_msg_trap+0xa
C  [CoreFoundation+0x7fdf1]  __CFRunLoopServiceMachPort+0x13f
C  [CoreFoundation+0x7e4af]  __CFRunLoopRun+0x531
C  [CoreFoundation+0x7d8a9]  CFRunLoopRunSpecific+0x237
C  [java+0x646e]  CreateExecutionEnvironment+0x367
C  [java+0x203c]  JLI_Launch+0x7a0
C  [java+0x84cb]  main+0x65
C  [java+0x1894]  start+0x34


---------------  P R O C E S S  ---------------

VM state:not at safepoint (normal execution)

VM Mutex/Monitor currently owned by a thread: None

heap address: 0x00000006c0000000, size: 4096 MB, Compressed Oops mode: Zero based, Oop shift amount: 3
Narrow klass base: 0x0000000000000000, Narrow klass shift: 3
Compressed class space size: 1073741824 Address: 0x00000007c0000000

Heap:
 PSYoungGen      total 232960K, used 121538K [0x000000076ab00000, 0x0000000779b80000, 0x00000007c0000000)
  eden space 222208K, 54% used [0x000000076ab00000,0x00000007721b09e8,0x0000000778400000)
  from space 10752K, 0% used [0x0000000778e80000,0x0000000778e80000,0x0000000779900000)
  to   space 10752K, 0% used [0x0000000778400000,0x0000000778400000,0x0000000778e80000)
 ParOldGen       total 128000K, used 12750K [0x00000006c0000000, 0x00000006c7d00000, 0x000000076ab00000)
  object space 128000K, 9% used [0x00000006c0000000,0x00000006c0c73a70,0x00000006c7d00000)
 Metaspace       used 40937K, capacity 43582K, committed 43648K, reserved 1087488K
  class space    used 5535K, capacity 6005K, committed 6016K, reserved 1048576K

Card table byte_map: [0x000000010ae5b000,0x000000010b65c000] byte_map_base: 0x000000010785b000

Marking Bits: (ParMarkBitMap*) 0x000000010c1f8e40
 Begin Bits: [0x000000011cd0a000, 0x0000000120d0a000)
 End Bits:   [0x0000000120d0a000, 0x0000000124d0a000)

Polling page: 0x000000010a984000

CodeCache: size=245760Kb used=7537Kb max_used=7537Kb free=238222Kb
 bounds [0x000000010d7b4000, 0x000000010df14000, 0x000000011c7b4000]
 total_blobs=4152 nmethods=3670 adapters=396
 compilation: enabled

Compilation events (10 events):
Event: 128.183 Thread 0x00007fd86000b800 3666       1       java.util.HashMap$KeySet::contains (9 bytes)
Event: 128.184 Thread 0x00007fd86000b800 nmethod 3666 0x000000010df0ecd0 code [0x000000010df0ee40, 0x000000010df0ef88]
Event: 132.226 Thread 0x00007fd86000b800 3667       1       org.springframework.boot.devtools.filewatch.FileSystemWatcher$Watcher::isDifferent (105 bytes)
Event: 132.227 Thread 0x00007fd86000b800 nmethod 3667 0x000000010df0f010 code [0x000000010df0f220, 0x000000010df0f628]
Event: 132.227 Thread 0x00007fd86000b800 3668       1       org.springframework.boot.devtools.filewatch.DirectorySnapshot::equals (46 bytes)
Event: 132.228 Thread 0x00007fd86000b800 nmethod 3668 0x000000010df0f910 code [0x000000010df0faa0, 0x000000010df0fd58]
Event: 135.133 Thread 0x00007fd86000b800 3669       1       java.nio.channels.SelectionKey::attachment (5 bytes)
Event: 135.134 Thread 0x00007fd86000b800 nmethod 3669 0x000000010df0ff90 code [0x000000010df100e0, 0x000000010df101f0]
Event: 140.034 Thread 0x00007fd86000b800 3670       1       java.util.concurrent.locks.AbstractQueuedSynchronizer::acquire (27 bytes)
Event: 140.034 Thread 0x00007fd86000b800 nmethod 3670 0x000000010df10250 code [0x000000010df103e0, 0x000000010df105b8]

GC Heap History (10 events):
Event: 1.055 GC heap before
{Heap before GC invocations=2 (full 0):
 PSYoungGen      total 76288K, used 54209K [0x000000076ab00000, 0x0000000774000000, 0x00000007c0000000)
  eden space 65536K, 70% used [0x000000076ab00000,0x000000076d7d6110,0x000000076eb00000)
  from space 10752K, 77% used [0x000000076eb00000,0x000000076f31a638,0x000000076f580000)
  to   space 10752K, 0% used [0x0000000773580000,0x0000000773580000,0x0000000774000000)
 ParOldGen       total 175104K, used 8K [0x00000006c0000000, 0x00000006cab00000, 0x000000076ab00000)
  object space 175104K, 0% used [0x00000006c0000000,0x00000006c0002000,0x00000006cab00000)
 Metaspace       used 20479K, capacity 21252K, committed 21296K, reserved 1067008K
  class space    used 2705K, capacity 2909K, committed 2944K, reserved 1048576K
Event: 1.070 GC heap after
Heap after GC invocations=2 (full 0):
 PSYoungGen      total 141824K, used 10648K [0x000000076ab00000, 0x0000000774000000, 0x00000007c0000000)
  eden space 131072K, 0% used [0x000000076ab00000,0x000000076ab00000,0x0000000772b00000)
  from space 10752K, 99% used [0x0000000773580000,0x0000000773fe60f8,0x0000000774000000)
  to   space 10752K, 0% used [0x0000000772b00000,0x0000000772b00000,0x0000000773580000)
 ParOldGen       total 175104K, used 16K [0x00000006c0000000, 0x00000006cab00000, 0x000000076ab00000)
  object space 175104K, 0% used [0x00000006c0000000,0x00000006c0004000,0x00000006cab00000)
 Metaspace       used 20479K, capacity 21252K, committed 21296K, reserved 1067008K
  class space    used 2705K, capacity 2909K, committed 2944K, reserved 1048576K
}
Event: 1.070 GC heap before
{Heap before GC invocations=3 (full 1):
 PSYoungGen      total 141824K, used 10648K [0x000000076ab00000, 0x0000000774000000, 0x00000007c0000000)
  eden space 131072K, 0% used [0x000000076ab00000,0x000000076ab00000,0x0000000772b00000)
  from space 10752K, 99% used [0x0000000773580000,0x0000000773fe60f8,0x0000000774000000)
  to   space 10752K, 0% used [0x0000000772b00000,0x0000000772b00000,0x0000000773580000)
 ParOldGen       total 175104K, used 16K [0x00000006c0000000, 0x00000006cab00000, 0x000000076ab00000)
  object space 175104K, 0% used [0x00000006c0000000,0x00000006c0004000,0x00000006cab00000)
 Metaspace       used 20479K, capacity 21252K, committed 21296K, reserved 1067008K
  class space    used 2705K, capacity 2909K, committed 2944K, reserved 1048576K
Event: 1.086 GC heap after
Heap after GC invocations=3 (full 1):
 PSYoungGen      total 141824K, used 0K [0x000000076ab00000, 0x0000000774000000, 0x00000007c0000000)
  eden space 131072K, 0% used [0x000000076ab00000,0x000000076ab00000,0x0000000772b00000)
  from space 10752K, 0% used [0x0000000773580000,0x0000000773580000,0x0000000774000000)
  to   space 10752K, 0% used [0x0000000772b00000,0x0000000772b00000,0x0000000773580000)
 ParOldGen       total 92672K, used 10110K [0x00000006c0000000, 0x00000006c5a80000, 0x000000076ab00000)
  object space 92672K, 10% used [0x00000006c0000000,0x00000006c09dfa90,0x00000006c5a80000)
 Metaspace       used 20479K, capacity 21252K, committed 21296K, reserved 1067008K
  class space    used 2705K, capacity 2909K, committed 2944K, reserved 1048576K
}
Event: 2.310 GC heap before
{Heap before GC invocations=4 (full 1):
 PSYoungGen      total 141824K, used 131072K [0x000000076ab00000, 0x0000000774000000, 0x00000007c0000000)
  eden space 131072K, 100% used [0x000000076ab00000,0x0000000772b00000,0x0000000772b00000)
  from space 10752K, 0% used [0x0000000773580000,0x0000000773580000,0x0000000774000000)
  to   space 10752K, 0% used [0x0000000772b00000,0x0000000772b00000,0x0000000773580000)
 ParOldGen       total 92672K, used 10110K [0x00000006c0000000, 0x00000006c5a80000, 0x000000076ab00000)
  object space 92672K, 10% used [0x00000006c0000000,0x00000006c09dfa90,0x00000006c5a80000)
 Metaspace       used 30840K, capacity 32734K, committed 33024K, reserved 1077248K
  class space    used 4153K, capacity 4521K, committed 4608K, reserved 1048576K
Event: 2.324 GC heap after
Heap after GC invocations=4 (full 1):
 PSYoungGen      total 141824K, used 10733K [0x000000076ab00000, 0x0000000779900000, 0x00000007c0000000)
  eden space 131072K, 0% used [0x000000076ab00000,0x000000076ab00000,0x0000000772b00000)
  from space 10752K, 99% used [0x0000000772b00000,0x000000077357b708,0x0000000773580000)
  to   space 10752K, 0% used [0x0000000778e80000,0x0000000778e80000,0x0000000779900000)
 ParOldGen       total 92672K, used 14956K [0x00000006c0000000, 0x00000006c5a80000, 0x000000076ab00000)
  object space 92672K, 16% used [0x00000006c0000000,0x00000006c0e9b0a0,0x00000006c5a80000)
 Metaspace       used 30840K, capacity 32734K, committed 33024K, reserved 1077248K
  class space    used 4153K, capacity 4521K, committed 4608K, reserved 1048576K
}
Event: 2.507 GC heap before
{Heap before GC invocations=5 (full 1):
 PSYoungGen      total 141824K, used 29294K [0x000000076ab00000, 0x0000000779900000, 0x00000007c0000000)
  eden space 131072K, 14% used [0x000000076ab00000,0x000000076bd20288,0x0000000772b00000)
  from space 10752K, 99% used [0x0000000772b00000,0x000000077357b708,0x0000000773580000)
  to   space 10752K, 0% used [0x0000000778e80000,0x0000000778e80000,0x0000000779900000)
 ParOldGen       total 92672K, used 14956K [0x00000006c0000000, 0x00000006c5a80000, 0x000000076ab00000)
  object space 92672K, 16% used [0x00000006c0000000,0x00000006c0e9b0a0,0x00000006c5a80000)
 Metaspace       used 33315K, capacity 35310K, committed 35456K, reserved 1079296K
  class space    used 4502K, capacity 4888K, committed 4992K, reserved 1048576K
Event: 2.516 GC heap after
Heap after GC invocations=5 (full 1):
 PSYoungGen      total 232960K, used 8730K [0x000000076ab00000, 0x0000000779b80000, 0x00000007c0000000)
  eden space 222208K, 0% used [0x000000076ab00000,0x000000076ab00000,0x0000000778400000)
  from space 10752K, 81% used [0x0000000778e80000,0x00000007797069f0,0x0000000779900000)
  to   space 10752K, 0% used [0x0000000778400000,0x0000000778400000,0x0000000778e80000)
 ParOldGen       total 92672K, used 14964K [0x00000006c0000000, 0x00000006c5a80000, 0x000000076ab00000)
  object space 92672K, 16% used [0x00000006c0000000,0x00000006c0e9d0a0,0x00000006c5a80000)
 Metaspace       used 33315K, capacity 35310K, committed 35456K, reserved 1079296K
  class space    used 4502K, capacity 4888K, committed 4992K, reserved 1048576K
}
Event: 2.516 GC heap before
{Heap before GC invocations=6 (full 2):
 PSYoungGen      total 232960K, used 8730K [0x000000076ab00000, 0x0000000779b80000, 0x00000007c0000000)
  eden space 222208K, 0% used [0x000000076ab00000,0x000000076ab00000,0x0000000778400000)
  from space 10752K, 81% used [0x0000000778e80000,0x00000007797069f0,0x0000000779900000)
  to   space 10752K, 0% used [0x0000000778400000,0x0000000778400000,0x0000000778e80000)
 ParOldGen       total 92672K, used 14964K [0x00000006c0000000, 0x00000006c5a80000, 0x000000076ab00000)
  object space 92672K, 16% used [0x00000006c0000000,0x00000006c0e9d0a0,0x00000006c5a80000)
 Metaspace       used 33315K, capacity 35310K, committed 35456K, reserved 1079296K
  class space    used 4502K, capacity 4888K, committed 4992K, reserved 1048576K
Event: 2.551 GC heap after
Heap after GC invocations=6 (full 2):
 PSYoungGen      total 232960K, used 0K [0x000000076ab00000, 0x0000000779b80000, 0x00000007c0000000)
  eden space 222208K, 0% used [0x000000076ab00000,0x000000076ab00000,0x0000000778400000)
  from space 10752K, 0% used [0x0000000778e80000,0x0000000778e80000,0x0000000779900000)
  to   space 10752K, 0% used [0x0000000778400000,0x0000000778400000,0x0000000778e80000)
 ParOldGen       total 128000K, used 12750K [0x00000006c0000000, 0x00000006c7d00000, 0x000000076ab00000)
  object space 128000K, 9% used [0x00000006c0000000,0x00000006c0c73a70,0x00000006c7d00000)
 Metaspace       used 33315K, capacity 35310K, committed 35456K, reserved 1079296K
  class space    used 4502K, capacity 4888K, committed 4992K, reserved 1048576K
}

Deoptimization events (0 events):
No events

Classes redefined (0 events):
No events

Internal exceptions (10 events):
Event: 75.173 Thread 0x00007fd878e60000 Exception <a 'java/lang/NoClassDefFoundError': com/sun/jna/Platform> (0x00000007709ae428) thrown at [/Users/java_re/workspace/8-2-build-macosx-x86_64/jdk8u202/12323/hotspot/src/share/vm/classfile/systemDictionary.cpp, line 199]
Event: 75.208 Thread 0x00007fd878e60000 Exception <a 'java/lang/ArrayIndexOutOfBoundsException'> (0x0000000770d31700) thrown at [/Users/java_re/workspace/8-2-build-macosx-x86_64/jdk8u202/12323/hotspot/src/share/vm/runtime/sharedRuntime.cpp, line 605]
Event: 75.209 Thread 0x00007fd878e60000 Exception <a 'java/lang/ArrayIndexOutOfBoundsException'> (0x0000000770d3c698) thrown at [/Users/java_re/workspace/8-2-build-macosx-x86_64/jdk8u202/12323/hotspot/src/share/vm/runtime/sharedRuntime.cpp, line 605]
Event: 75.209 Thread 0x00007fd878e60000 Exception <a 'java/lang/ArrayIndexOutOfBoundsException'> (0x0000000770d3ec60) thrown at [/Users/java_re/workspace/8-2-build-macosx-x86_64/jdk8u202/12323/hotspot/src/share/vm/runtime/sharedRuntime.cpp, line 605]
Event: 75.227 Thread 0x00007fd878e60000 Exception <a 'java/lang/ArrayIndexOutOfBoundsException'> (0x0000000770ed89e0) thrown at [/Users/java_re/workspace/8-2-build-macosx-x86_64/jdk8u202/12323/hotspot/src/share/vm/runtime/sharedRuntime.cpp, line 605]
Event: 75.227 Thread 0x00007fd878e60000 Exception <a 'java/lang/ArrayIndexOutOfBoundsException'> (0x0000000770ed9848) thrown at [/Users/java_re/workspace/8-2-build-macosx-x86_64/jdk8u202/12323/hotspot/src/share/vm/runtime/sharedRuntime.cpp, line 605]
Event: 75.227 Thread 0x00007fd878e60000 Exception <a 'java/lang/ArrayIndexOutOfBoundsException'> (0x0000000770edb560) thrown at [/Users/java_re/workspace/8-2-build-macosx-x86_64/jdk8u202/12323/hotspot/src/share/vm/runtime/sharedRuntime.cpp, line 605]
Event: 75.242 Thread 0x00007fd878e60000 Exception <a 'java/lang/ArrayIndexOutOfBoundsException'> (0x000000077107b130) thrown at [/Users/java_re/workspace/8-2-build-macosx-x86_64/jdk8u202/12323/hotspot/src/share/vm/runtime/sharedRuntime.cpp, line 605]
Event: 75.243 Thread 0x00007fd878e60000 Exception <a 'java/lang/ArrayIndexOutOfBoundsException'> (0x00000007710a91b8) thrown at [/Users/java_re/workspace/8-2-build-macosx-x86_64/jdk8u202/12323/hotspot/src/share/vm/runtime/sharedRuntime.cpp, line 605]
Event: 84.177 Thread 0x00007fd878e63800 Exception <a 'java/lang/ArrayIndexOutOfBoundsException'> (0x0000000771394f20) thrown at [/Users/java_re/workspace/8-2-build-macosx-x86_64/jdk8u202/12323/hotspot/src/share/vm/runtime/sharedRuntime.cpp, line 605]

Events (10 events):
Event: 90.524 Thread 0x00007fd878227000 Thread exited: 0x00007fd878227000
Event: 90.525 Thread 0x00007fd86103e000 Thread exited: 0x00007fd86103e000
Event: 95.501 Executing VM operation: RevokeBias
Event: 95.501 Executing VM operation: RevokeBias done
Event: 135.134 Executing VM operation: RevokeBias
Event: 135.134 Executing VM operation: RevokeBias done
Event: 135.135 Executing VM operation: RevokeBias
Event: 135.135 Executing VM operation: RevokeBias done
Event: 147.737 Executing VM operation: RevokeBias
Event: 147.739 Executing VM operation: RevokeBias done


Dynamic libraries:
0x00007ff81d558000 	/System/Library/Frameworks/Cocoa.framework/Versions/A/Cocoa
0x00007ff808e56000 	/System/Library/Frameworks/AppKit.framework/Versions/C/AppKit
0x00007ff80c3b5000 	/System/Library/Frameworks/CoreData.framework/Versions/A/CoreData
0x00007ff80726d000 	/System/Library/Frameworks/Foundation.framework/Versions/C/Foundation
0x00007ff8115d1000 	/usr/lib/libSystem.B.dylib
0x00007ff809ce8000 	/System/Library/PrivateFrameworks/UIFoundation.framework/Versions/A/UIFoundation
0x00007ff817504000 	/System/Library/PrivateFrameworks/RemoteViewServices.framework/Versions/A/RemoteViewServices
0x00007ff80f8a4000 	/System/Library/PrivateFrameworks/XCTTargetBootstrap.framework/Versions/A/XCTTargetBootstrap
0x00007ff81349d000 	/System/Library/PrivateFrameworks/InternationalSupport.framework/Versions/A/InternationalSupport
0x00007ff813527000 	/System/Library/PrivateFrameworks/UserActivity.framework/Versions/A/UserActivity
0x00007ff812884000 	/usr/lib/libspindump.dylib
0x00007ff809f76000 	/System/Library/Frameworks/UniformTypeIdentifiers.framework/Versions/A/UniformTypeIdentifiers
0x00007ff80dfdd000 	/usr/lib/libapp_launch_measurement.dylib
0x00007ff80cd91000 	/System/Library/PrivateFrameworks/CoreAnalytics.framework/Versions/A/CoreAnalytics
0x00007ff80dfe0000 	/System/Library/PrivateFrameworks/CoreAutoLayout.framework/Versions/A/CoreAutoLayout
0x00007ff80f200000 	/System/Library/Frameworks/Metal.framework/Versions/A/Metal
0x00007ff80ff1c000 	/usr/lib/liblangid.dylib
0x00007ff80f8a8000 	/System/Library/PrivateFrameworks/CoreSVG.framework/Versions/A/CoreSVG
0x00007ff80b33d000 	/System/Library/PrivateFrameworks/SkyLight.framework/Versions/A/SkyLight
0x00007ff80b6d3000 	/System/Library/Frameworks/CoreGraphics.framework/Versions/A/CoreGraphics
0x00007ff817b73000 	/System/Library/Frameworks/Accelerate.framework/Versions/A/Accelerate
0x00007ff8122ff000 	/System/Library/PrivateFrameworks/IconServices.framework/Versions/A/IconServices
0x00007ff80f1e5000 	/System/Library/Frameworks/IOSurface.framework/Versions/A/IOSurface
0x00007ff80cdbf000 	/usr/lib/libDiagnosticMessagesClient.dylib
0x00007ff8114eb000 	/usr/lib/libz.1.dylib
0x00007ff81b1e4000 	/System/Library/Frameworks/ApplicationServices.framework/Versions/A/ApplicationServices
0x00007ff80f890000 	/System/Library/PrivateFrameworks/DFRFoundation.framework/Versions/A/DFRFoundation
0x00007ff808747000 	/usr/lib/libicucore.A.dylib
0x00007ff8141c2000 	/System/Library/Frameworks/AudioToolbox.framework/Versions/A/AudioToolbox
0x00007ff8134a9000 	/System/Library/PrivateFrameworks/DataDetectorsCore.framework/Versions/A/DataDetectorsCore
0x00007ff90ed9b000 	/System/Library/PrivateFrameworks/TextInput.framework/Versions/A/TextInput
0x00007ff80b2c1000 	/usr/lib/libMobileGestalt.dylib
0x00007ff80f598000 	/System/Library/Frameworks/Carbon.framework/Versions/A/Frameworks/HIToolbox.framework/Versions/A/HIToolbox
0x00007ff80da0a000 	/System/Library/Frameworks/QuartzCore.framework/Versions/A/QuartzCore
0x00007ff8083e7000 	/System/Library/Frameworks/Security.framework/Versions/A/Security
0x00007ff81753c000 	/System/Library/Frameworks/Carbon.framework/Versions/A/Frameworks/SpeechRecognition.framework/Versions/A/SpeechRecognition
0x00007ff80dd3d000 	/System/Library/PrivateFrameworks/CoreUI.framework/Versions/A/CoreUI
0x00007ff807cbf000 	/System/Library/Frameworks/CoreAudio.framework/Versions/A/CoreAudio
0x00007ff80cead000 	/System/Library/Frameworks/DiskArbitration.framework/Versions/A/DiskArbitration
0x00007ff812c67000 	/System/Library/PrivateFrameworks/MultitouchSupport.framework/Versions/A/MultitouchSupport
0x00007ff80b2c0000 	/usr/lib/libenergytrace.dylib
0x00007ff808d42000 	/System/Library/Frameworks/IOKit.framework/Versions/A/IOKit
0x00007ff817928000 	/System/Library/Frameworks/CoreServices.framework/Versions/A/CoreServices
0x00007ff80df77000 	/System/Library/PrivateFrameworks/PerformanceAnalysis.framework/Versions/A/PerformanceAnalysis
0x00007ffa1e882000 	/System/Library/Frameworks/OpenGL.framework/Versions/A/OpenGL
0x00007ff810b18000 	/System/Library/PrivateFrameworks/MobileKeyBag.framework/Versions/A/MobileKeyBag
0x00007ff806305000 	/usr/lib/libobjc.A.dylib
0x00007ff80be02000 	/System/Library/Frameworks/ColorSync.framework/Versions/A/ColorSync
0x00007ff8064c1000 	/System/Library/Frameworks/CoreFoundation.framework/Versions/A/CoreFoundation
0x00007ff80fb23000 	/System/Library/Frameworks/CoreImage.framework/Versions/A/CoreImage
0x00007ff807ad5000 	/System/Library/Frameworks/CoreText.framework/Versions/A/CoreText
0x00007ff80f8d7000 	/System/Library/Frameworks/ImageIO.framework/Versions/A/ImageIO
0x00007ff8115d7000 	/System/Library/PrivateFrameworks/SoftLinking.framework/Versions/A/SoftLinking
0x00007ff80e028000 	/usr/lib/libxml2.2.dylib
0x00007ff8063ce000 	/usr/lib/libc++.1.dylib
0x00007ff811858000 	/usr/lib/libcompression.dylib
0x00007ff8133d3000 	/System/Library/PrivateFrameworks/TextureIO.framework/Versions/A/TextureIO
0x00007ff811f78000 	/usr/lib/libate.dylib
0x00007ff8115cc000 	/usr/lib/system/libcache.dylib
0x00007ff811588000 	/usr/lib/system/libcommonCrypto.dylib
0x00007ff8115b1000 	/usr/lib/system/libcompiler_rt.dylib
0x00007ff8115a7000 	/usr/lib/system/libcopyfile.dylib
0x00007ff8061ff000 	/usr/lib/system/libcorecrypto.dylib
0x00007ff8062be000 	/usr/lib/system/libdispatch.dylib
0x00007ff806480000 	/usr/lib/system/libdyld.dylib
0x00007ff8115c3000 	/usr/lib/system/libkeymgr.dylib
0x00007ff811566000 	/usr/lib/system/libmacho.dylib
0x00007ff810bec000 	/usr/lib/system/libquarantine.dylib
0x00007ff8115c1000 	/usr/lib/system/libremovefile.dylib
0x00007ff80b30d000 	/usr/lib/system/libsystem_asl.dylib
0x00007ff8061ad000 	/usr/lib/system/libsystem_blocks.dylib
0x00007ff806345000 	/usr/lib/system/libsystem_c.dylib
0x00007ff8115b9000 	/usr/lib/system/libsystem_collections.dylib
0x00007ff80ff0d000 	/usr/lib/system/libsystem_configuration.dylib
0x00007ff80f1c8000 	/usr/lib/system/libsystem_containermanager.dylib
0x00007ff81129d000 	/usr/lib/system/libsystem_coreservices.dylib
0x00007ff8089d0000 	/usr/lib/system/libsystem_darwin.dylib
0x00007ff8115c4000 	/usr/lib/system/libsystem_dnssd.dylib
0x00007ff806342000 	/usr/lib/system/libsystem_featureflags.dylib
0x00007ff806496000 	/usr/lib/system/libsystem_info.dylib
0x00007ff8114fe000 	/usr/lib/system/libsystem_m.dylib
0x00007ff806292000 	/usr/lib/system/libsystem_malloc.dylib
0x00007ff80b2aa000 	/usr/lib/system/libsystem_networkextension.dylib
0x00007ff808df8000 	/usr/lib/system/libsystem_notify.dylib
0x00007ff8177fd000 	/usr/lib/system/libsystem_product_info_filter.dylib
0x00007ff80ff11000 	/usr/lib/system/libsystem_sandbox.dylib
0x00007ff8115be000 	/usr/lib/system/libsystem_secinit.dylib
0x00007ff80643d000 	/usr/lib/system/libsystem_kernel.dylib
0x00007ff80648c000 	/usr/lib/system/libsystem_platform.dylib
0x00007ff806474000 	/usr/lib/system/libsystem_pthread.dylib
0x00007ff80cbd8000 	/usr/lib/system/libsystem_symptoms.dylib
0x00007ff8061e6000 	/usr/lib/system/libsystem_trace.dylib
0x00007ff811594000 	/usr/lib/system/libunwind.dylib
0x00007ff8061af000 	/usr/lib/system/libxpc.dylib
0x00007ff806427000 	/usr/lib/libc++abi.dylib
0x00007ff81159f000 	/usr/lib/liboah.dylib
0x00007ff811d31000 	/usr/lib/liblzma.5.dylib
0x00007ff806f7e000 	/System/Library/Frameworks/SystemConfiguration.framework/Versions/A/SystemConfiguration
0x00007ff8115d3000 	/usr/lib/libfakelink.dylib
0x00007ff80ae13000 	/System/Library/Frameworks/CFNetwork.framework/Versions/A/CFNetwork
0x00007ff811712000 	/usr/lib/libarchive.2.dylib
0x00007ff80ff18000 	/System/Library/PrivateFrameworks/AppleSystemInfo.framework/Versions/A/AppleSystemInfo
0x00007ff810c13000 	/usr/lib/libbsm.0.dylib
0x00007ff80a449000 	/usr/lib/libnetwork.dylib
0x00007ff81156c000 	/usr/lib/system/libkxld.dylib
0x00007ff810841000 	/System/Library/PrivateFrameworks/IOMobileFramebuffer.framework/Versions/A/IOMobileFramebuffer
0x00007ffb1c4ee000 	/usr/lib/libCoreEntitlements.dylib
0x00007ff81127f000 	/System/Library/PrivateFrameworks/AppleFSCompression.framework/Versions/A/AppleFSCompression
0x00007ff810bfb000 	/usr/lib/libcoretls.dylib
0x00007ff811d4b000 	/usr/lib/libcoretls_cfhelpers.dylib
0x00007ff811853000 	/usr/lib/libpam.2.dylib
0x00007ff80c7fe000 	/usr/lib/libsqlite3.dylib
0x00007ff811dba000 	/usr/lib/libxar.1.dylib
0x00007ff81128f000 	/usr/lib/libbz2.1.0.dylib
0x00007ff8115d8000 	/usr/lib/libpcap.A.dylib
0x00007ff80cbcf000 	/usr/lib/libdns_services.dylib
0x00007ff811825000 	/usr/lib/libapple_nghttp2.dylib
0x00007ff81160f000 	/usr/lib/libiconv.2.dylib
0x00007ff811565000 	/usr/lib/libcharset.1.dylib
0x00007ff80dfab000 	/System/Library/Frameworks/CoreServices.framework/Versions/A/Frameworks/FSEvents.framework/Versions/A/FSEvents
0x00007ff8089da000 	/System/Library/Frameworks/CoreServices.framework/Versions/A/Frameworks/CarbonCore.framework/Versions/A/CarbonCore
0x00007ff80ce12000 	/System/Library/Frameworks/CoreServices.framework/Versions/A/Frameworks/Metadata.framework/Versions/A/Metadata
0x00007ff8112a2000 	/System/Library/Frameworks/CoreServices.framework/Versions/A/Frameworks/OSServices.framework/Versions/A/OSServices
0x00007ff811799000 	/System/Library/Frameworks/CoreServices.framework/Versions/A/Frameworks/SearchKit.framework/Versions/A/SearchKit
0x00007ff80cb61000 	/System/Library/Frameworks/CoreServices.framework/Versions/A/Frameworks/AE.framework/Versions/A/AE
0x00007ff8069c2000 	/System/Library/Frameworks/CoreServices.framework/Versions/A/Frameworks/LaunchServices.framework/Versions/A/LaunchServices
0x00007ff811ce2000 	/System/Library/Frameworks/CoreServices.framework/Versions/A/Frameworks/DictionaryServices.framework/Versions/A/DictionaryServices
0x00007ff80dfb8000 	/System/Library/Frameworks/CoreServices.framework/Versions/A/Frameworks/SharedFileList.framework/Versions/A/SharedFileList
0x00007ff810bef000 	/usr/lib/libCheckFix.dylib
0x00007ff80b324000 	/System/Library/PrivateFrameworks/TCC.framework/Versions/A/TCC
0x00007ff80ff1e000 	/System/Library/PrivateFrameworks/CoreNLP.framework/Versions/A/CoreNLP
0x00007ff80cdc2000 	/System/Library/PrivateFrameworks/MetadataUtilities.framework/Versions/A/MetadataUtilities
0x00007ff80702e000 	/usr/lib/libmecabra.dylib
0x00007ff810c23000 	/usr/lib/libmecab.dylib
0x00007ff806ff9000 	/usr/lib/libCRFSuite.dylib
0x00007ff810c80000 	/usr/lib/libgermantok.dylib
0x00007ff811800000 	/usr/lib/libThaiTokenizer.dylib
0x00007ff80ceb4000 	/System/Library/Frameworks/Accelerate.framework/Versions/A/Frameworks/vImage.framework/Versions/A/vImage
0x00007ff8178ff000 	/System/Library/Frameworks/Accelerate.framework/Versions/A/Frameworks/vecLib.framework/Versions/A/vecLib
0x00007ff811dfb000 	/System/Library/Frameworks/Accelerate.framework/Versions/A/Frameworks/vecLib.framework/Versions/A/libvMisc.dylib
0x00007ff810635000 	/System/Library/Frameworks/Accelerate.framework/Versions/A/Frameworks/vecLib.framework/Versions/A/libvDSP.dylib
0x00007ff806d3a000 	/System/Library/Frameworks/Accelerate.framework/Versions/A/Frameworks/vecLib.framework/Versions/A/libBLAS.dylib
0x00007ff811935000 	/System/Library/Frameworks/Accelerate.framework/Versions/A/Frameworks/vecLib.framework/Versions/A/libLAPACK.dylib
0x00007ff810c83000 	/System/Library/Frameworks/Accelerate.framework/Versions/A/Frameworks/vecLib.framework/Versions/A/libLinearAlgebra.dylib
0x00007ff81183e000 	/System/Library/Frameworks/Accelerate.framework/Versions/A/Frameworks/vecLib.framework/Versions/A/libSparseBLAS.dylib
0x00007ff81192f000 	/System/Library/Frameworks/Accelerate.framework/Versions/A/Frameworks/vecLib.framework/Versions/A/libQuadrature.dylib
0x00007ff810008000 	/System/Library/Frameworks/Accelerate.framework/Versions/A/Frameworks/vecLib.framework/Versions/A/libBNNS.dylib
0x00007ff806f0f000 	/System/Library/Frameworks/Accelerate.framework/Versions/A/Frameworks/vecLib.framework/Versions/A/libSparse.dylib
0x00007ff810001000 	/System/Library/PrivateFrameworks/LinguisticData.framework/Versions/A/LinguisticData
0x00007ff806ec4000 	/System/Library/PrivateFrameworks/Lexicon.framework/Versions/A/Lexicon
0x00007ff811df4000 	/usr/lib/libChineseTokenizer.dylib
0x00007ff807628000 	/System/Library/PrivateFrameworks/LanguageModeling.framework/Versions/A/LanguageModeling
0x00007ff811802000 	/System/Library/PrivateFrameworks/AppleSauce.framework/Versions/A/AppleSauce
0x00007ff81082f000 	/System/Library/PrivateFrameworks/CoreEmoji.framework/Versions/A/CoreEmoji
0x00007ff811701000 	/usr/lib/libcmph.dylib
0x00007ff80df8f000 	/System/Library/Frameworks/OpenDirectory.framework/Versions/A/Frameworks/CFOpenDirectory.framework/Versions/A/CFOpenDirectory
0x00007ff80df83000 	/System/Library/Frameworks/OpenDirectory.framework/Versions/A/OpenDirectory
0x00007ff811d4d000 	/System/Library/PrivateFrameworks/APFS.framework/Versions/A/APFS
0x00007ff810b50000 	/System/Library/Frameworks/SecurityFoundation.framework/Versions/A/SecurityFoundation
0x00007ff811dc8000 	/usr/lib/libutil.dylib
0x00007ff808d05000 	/System/Library/PrivateFrameworks/CoreServicesStore.framework/Versions/A/CoreServicesStore
0x00007ff811dcc000 	/usr/lib/libxslt.1.dylib
0x00007ff810bdd000 	/System/Library/PrivateFrameworks/BackgroundTaskManagement.framework/Versions/A/BackgroundTaskManagement
0x00007ff8132f5000 	/System/Library/Frameworks/ImageIO.framework/Versions/A/Resources/libRadiance.dylib
0x00007ff8132fe000 	/System/Library/Frameworks/ImageIO.framework/Versions/A/Resources/libJPEG.dylib
0x00007ff81324f000 	/System/Library/Frameworks/ImageIO.framework/Versions/A/Resources/libPng.dylib
0x00007ff813270000 	/System/Library/Frameworks/ImageIO.framework/Versions/A/Resources/libTIFF.dylib
0x00007ff81335c000 	/System/Library/Frameworks/ImageIO.framework/Versions/A/Resources/libGIF.dylib
0x00007ff812b84000 	/System/Library/Frameworks/ImageIO.framework/Versions/A/Resources/libJP2.dylib
0x00007ff8122c6000 	/usr/lib/libexpat.1.dylib
0x00007ff812b39000 	/System/Library/PrivateFrameworks/AppleJPEG.framework/Versions/A/AppleJPEG
0x00007ff80f45b000 	/System/Library/PrivateFrameworks/FontServices.framework/libFontParser.dylib
0x00007ff80cb0b000 	/System/Library/PrivateFrameworks/RunningBoardServices.framework/Versions/A/RunningBoardServices
0x00007ff81dad4000 	/System/Library/PrivateFrameworks/IOSurfaceAccelerator.framework/Versions/A/IOSurfaceAccelerator
0x00007ff812c63000 	/System/Library/PrivateFrameworks/WatchdogClient.framework/Versions/A/WatchdogClient
0x00007ff807717000 	/System/Library/Frameworks/CoreDisplay.framework/Versions/A/CoreDisplay
0x00007ff80f35a000 	/System/Library/Frameworks/CoreMedia.framework/Versions/A/CoreMedia
0x00007ff80f1f7000 	/System/Library/PrivateFrameworks/IOAccelerator.framework/Versions/A/IOAccelerator
0x00007ff80e10b000 	/System/Library/Frameworks/CoreVideo.framework/Versions/A/CoreVideo
0x00007ff811851000 	/System/Library/Frameworks/MetalPerformanceShaders.framework/Versions/A/MetalPerformanceShaders
0x00007ff812c9e000 	/System/Library/Frameworks/VideoToolbox.framework/Versions/A/VideoToolbox
0x00007ff80ca53000 	/System/Library/PrivateFrameworks/BaseBoard.framework/Versions/A/BaseBoard
0x00007ff80c7e4000 	/System/Library/PrivateFrameworks/ProtocolBuffer.framework/Versions/A/ProtocolBuffer
0x00007ff8132ee000 	/System/Library/PrivateFrameworks/GPUWrangler.framework/Versions/A/GPUWrangler
0x00007ff8132d1000 	/System/Library/PrivateFrameworks/IOPresentment.framework/Versions/A/IOPresentment
0x00007ff8132f8000 	/System/Library/PrivateFrameworks/DSExternalDisplay.framework/Versions/A/DSExternalDisplay
0x00007ffa1e876000 	/System/Library/Frameworks/OpenGL.framework/Versions/A/Libraries/libCoreFSCache.dylib
0x00007ffb0a75e000 	/System/Library/PrivateFrameworks/GPUCompiler.framework/Versions/31001/Libraries/libGPUCompilerUtils.dylib
0x00007ff813361000 	/System/Library/PrivateFrameworks/CMCaptureCore.framework/Versions/A/CMCaptureCore
0x00007ff812872000 	/System/Library/PrivateFrameworks/AppServerSupport.framework/Versions/A/AppServerSupport
0x00007ff814a48000 	/System/Library/PrivateFrameworks/perfdata.framework/Versions/A/perfdata
0x00007ff807843000 	/System/Library/PrivateFrameworks/AudioToolboxCore.framework/Versions/A/AudioToolboxCore
0x00007ff80f337000 	/System/Library/PrivateFrameworks/caulk.framework/Versions/A/caulk
0x00007ff81436c000 	/usr/lib/libAudioStatistics.dylib
0x00007ff90b629000 	/System/Library/PrivateFrameworks/SystemPolicy.framework/Versions/A/SystemPolicy
0x00007ff8145c1000 	/usr/lib/libSMC.dylib
0x00007ff81d40b000 	/System/Library/Frameworks/CoreMIDI.framework/Versions/A/CoreMIDI
0x00007ff81321f000 	/usr/lib/libAudioToolboxUtility.dylib
0x00007ff907a3b000 	/System/Library/PrivateFrameworks/OSAServicesClient.framework/Versions/A/OSAServicesClient
0x00007ff814a55000 	/usr/lib/libperfcheck.dylib
0x00007ff90c0bb000 	/usr/lib/libmis.dylib
0x00007ffa1e8d2000 	/System/Library/Frameworks/OpenGL.framework/Versions/A/Libraries/libGLU.dylib
0x00007ffa1e895000 	/System/Library/Frameworks/OpenGL.framework/Versions/A/Libraries/libGFXShared.dylib
0x00007ffa1eaa3000 	/System/Library/Frameworks/OpenGL.framework/Versions/A/Libraries/libGL.dylib
0x00007ffa1e89e000 	/System/Library/Frameworks/OpenGL.framework/Versions/A/Libraries/libGLImage.dylib
0x00007ffa1e892000 	/System/Library/Frameworks/OpenGL.framework/Versions/A/Libraries/libCVMSPluginSupport.dylib
0x00007ffa1e87d000 	/System/Library/Frameworks/OpenGL.framework/Versions/A/Libraries/libCoreVMClient.dylib
0x00007ff80fe9c000 	/System/Library/Frameworks/MetalPerformanceShaders.framework/Versions/A/Frameworks/MPSCore.framework/Versions/A/MPSCore
0x00007ff8111ea000 	/System/Library/Frameworks/MetalPerformanceShaders.framework/Versions/A/Frameworks/MPSImage.framework/Versions/A/MPSImage
0x00007ff810c99000 	/System/Library/Frameworks/MetalPerformanceShaders.framework/Versions/A/Frameworks/MPSNeuralNetwork.framework/Versions/A/MPSNeuralNetwork
0x00007ff81110e000 	/System/Library/Frameworks/MetalPerformanceShaders.framework/Versions/A/Frameworks/MPSMatrix.framework/Versions/A/MPSMatrix
0x00007ff810eca000 	/System/Library/Frameworks/MetalPerformanceShaders.framework/Versions/A/Frameworks/MPSRayIntersector.framework/Versions/A/MPSRayIntersector
0x00007ff811147000 	/System/Library/Frameworks/MetalPerformanceShaders.framework/Versions/A/Frameworks/MPSNDArray.framework/Versions/A/MPSNDArray
0x00007ffa23497000 	/System/Library/Frameworks/MetalPerformanceShaders.framework/Versions/A/Frameworks/MPSFunctions.framework/Versions/A/MPSFunctions
0x00007ff806c1d000 	/System/Library/PrivateFrameworks/MetalTools.framework/Versions/A/MetalTools
0x00007ff80ff16000 	/System/Library/PrivateFrameworks/AggregateDictionary.framework/Versions/A/AggregateDictionary
0x00007ff8120a8000 	/usr/lib/libIOReport.dylib
0x00007ffa1feb2000 	/System/Library/Frameworks/OpenCL.framework/Versions/A/OpenCL
0x00007ff81240c000 	/System/Library/PrivateFrameworks/FaceCore.framework/Versions/A/FaceCore
0x00007ff8123fd000 	/System/Library/PrivateFrameworks/GraphVisualizer.framework/Versions/A/GraphVisualizer
0x00007ffb0a669000 	/System/Library/PrivateFrameworks/FontServices.framework/Versions/A/FontServices
0x00007ff812829000 	/System/Library/PrivateFrameworks/OTSVG.framework/Versions/A/OTSVG
0x00007ff80dcf3000 	/System/Library/Frameworks/ApplicationServices.framework/Versions/A/Frameworks/ATS.framework/Versions/A/Resources/libFontRegistry.dylib
0x00007ff81287a000 	/System/Library/PrivateFrameworks/FontServices.framework/libhvf.dylib
0x00007ffb0a66a000 	/System/Library/PrivateFrameworks/FontServices.framework/libXTFontStaticRegistryData.dylib
0x00007ff812276000 	/System/Library/PrivateFrameworks/AppleVA.framework/Versions/A/AppleVA
0x00007ff814390000 	/System/Library/Frameworks/ApplicationServices.framework/Versions/A/Frameworks/ATS.framework/Versions/A/ATS
0x00007ff80befe000 	/System/Library/Frameworks/ApplicationServices.framework/Versions/A/Frameworks/HIServices.framework/Versions/A/HIServices
0x00007ff81336b000 	/System/Library/Frameworks/ApplicationServices.framework/Versions/A/Frameworks/PrintCore.framework/Versions/A/PrintCore
0x00007ff814714000 	/System/Library/Frameworks/ApplicationServices.framework/Versions/A/Frameworks/QD.framework/Versions/A/QD
0x00007ff81470c000 	/System/Library/Frameworks/ApplicationServices.framework/Versions/A/Frameworks/ColorSyncLegacy.framework/Versions/A/ColorSyncLegacy
0x00007ff814380000 	/System/Library/Frameworks/ApplicationServices.framework/Versions/A/Frameworks/SpeechSynthesis.framework/Versions/A/SpeechSynthesis
0x00007ff81332c000 	/System/Library/Frameworks/ApplicationServices.framework/Versions/A/Frameworks/ATSUI.framework/Versions/A/ATSUI
0x00007ff8146a1000 	/usr/lib/libcups.2.dylib
0x00007ff814a64000 	/System/Library/Frameworks/Kerberos.framework/Versions/A/Kerberos
0x00007ff814a73000 	/System/Library/Frameworks/GSS.framework/Versions/A/GSS
0x00007ff8143fc000 	/usr/lib/libresolv.9.dylib
0x00007ff812889000 	/System/Library/PrivateFrameworks/Heimdal.framework/Versions/A/Heimdal
0x00007ff81b561000 	/System/Library/Frameworks/Kerberos.framework/Versions/A/Libraries/libHeimdalProxy.dylib
0x00007ff80cbe0000 	/System/Library/Frameworks/Network.framework/Versions/A/Network
0x00007ff8122e0000 	/usr/lib/libheimdal-asn1.dylib
0x00007ff814abf000 	/System/Library/PrivateFrameworks/CommonAuth.framework/Versions/A/CommonAuth
0x00007ff8142fd000 	/System/Library/PrivateFrameworks/AudioSession.framework/Versions/A/AudioSession
0x00007ff812370000 	/System/Library/PrivateFrameworks/MediaExperience.framework/Versions/A/MediaExperience
0x00007ff814191000 	/System/Library/PrivateFrameworks/AudioSession.framework/libSessionUtility.dylib
0x00007ff814720000 	/System/Library/PrivateFrameworks/AudioResourceArbitration.framework/Versions/A/AudioResourceArbitration
0x00007ff818712000 	/System/Library/PrivateFrameworks/PowerLog.framework/Versions/A/PowerLog
0x00007ff8122e9000 	/System/Library/PrivateFrameworks/IconFoundation.framework/Versions/A/IconFoundation
0x00007ff81752c000 	/System/Library/PrivateFrameworks/SpeechRecognitionCore.framework/Versions/A/SpeechRecognitionCore
0x00007ffa0fd18000 	/System/Library/CoreServices/Encodings/libKoreanConverter.dylib
0x000000010b8fd000 	/Library/Internet Plug-Ins/JavaAppletPlugin.plugin/Contents/Home/lib/server/libjvm.dylib
0x00007ffb1cf88000 	/usr/lib/libstdc++.6.dylib
0x000000010a991000 	/Library/Internet Plug-Ins/JavaAppletPlugin.plugin/Contents/Home/lib/libverify.dylib
0x000000010a9e6000 	/Library/Internet Plug-Ins/JavaAppletPlugin.plugin/Contents/Home/lib/libjava.dylib
0x000000010a9c1000 	/Library/Internet Plug-Ins/JavaAppletPlugin.plugin/Contents/Home/lib/libzip.dylib
0x0000000127a95000 	/Library/Internet Plug-Ins/JavaAppletPlugin.plugin/Contents/Home/lib/libmanagement.dylib
0x0000000127b2b000 	/Library/Internet Plug-Ins/JavaAppletPlugin.plugin/Contents/Home/lib/libnet.dylib
0x0000000127b66000 	/Library/Internet Plug-Ins/JavaAppletPlugin.plugin/Contents/Home/lib/libnio.dylib
0x0000000129acc000 	/Library/Internet Plug-Ins/JavaAppletPlugin.plugin/Contents/Home/lib/libsunec.dylib

VM Arguments:
jvm_args: -Dcom.sun.management.jmxremote -Dcom.sun.management.jmxremote.port=61399 -Dcom.sun.management.jmxremote.authenticate=false -Dcom.sun.management.jmxremote.ssl=false -Djava.rmi.server.hostname=localhost -Dspring.jmx.enabled=true -Dspring.application.admin.enabled=true -Djava.security.egd=file:/dev/./urandom -XX:TieredStopAtLevel=1 -Dspring.boot.project.name=demo -Dfile.encoding=UTF-8 
java_command: com.devfun.settingweb_boot.DemoApplication --spring.output.ansi.enabled=always
java_class_path (initial): /Users/jincheol/Documents/workspace-spring-tool-suite-4-4.15.3.RELEASE/demo/target/classes:/Users/jincheol/.m2/repository/org/apache/tomcat/embed/tomcat-embed-jasper/9.0.65/tomcat-embed-jasper-9.0.65.jar:/Users/jincheol/.m2/repository/org/apache/tomcat/embed/tomcat-embed-core/9.0.65/tomcat-embed-core-9.0.65.jar:/Users/jincheol/.m2/repository/org/apache/tomcat/tomcat-annotations-api/9.0.65/tomcat-annotations-api-9.0.65.jar:/Users/jincheol/.m2/repository/org/apache/tomcat/embed/tomcat-embed-el/9.0.65/tomcat-embed-el-9.0.65.jar:/Users/jincheol/.m2/repository/org/eclipse/jdt/ecj/3.18.0/ecj-3.18.0.jar:/Users/jincheol/.m2/repository/javax/servlet/jstl/1.2/jstl-1.2.jar:/Users/jincheol/.m2/repository/org/springframework/boot/spring-boot-starter-jdbc/2.7.2/spring-boot-starter-jdbc-2.7.2.jar:/Users/jincheol/.m2/repository/org/springframework/boot/spring-boot-starter/2.7.2/spring-boot-starter-2.7.2.jar:/Users/jincheol/.m2/repository/org/springframework/boot/spring-boot-starter-logging/2.7.2/spring-boot-starter-logging-2.7.2.jar:/Users/jincheol/.m2/repository/ch/qos/logback/logback-classic/1.2.11/logback-classic-1.2.11.jar:/Users/jincheol/.m2/repository/ch/qos/logback/logback-core/1.2.11/logback-core-1.2.11.jar:/Users/jincheol/.m2/repository/org/apache/logging/log4j/log4j-to-slf4j/2.17.2/log4j-to-slf4j-2.17.2.jar:/Users/jincheol/.m2/repository/org/apache/logging/log4j/log4j-api/2.17.2/log4j-api-2.17.2.jar:/Users/jincheol/.m2/repository/org/slf4j/jul-to-slf4j/1.7.36/jul-to-slf4j-1.7.36.jar:/Users/jincheol/.m2/repository/jakarta/annotation/jakarta.annotation-api/1.3.5/jakarta.annotation-api-1.3.5.jar:/Users/jincheol/.m2/repository/org/yaml/snakeyaml/1.30/snakeyaml-1.30.jar:/Users/jincheol/.m2/repository/com/zaxxer/HikariCP/4.0.3/HikariCP-4.0.3.jar:/Users/jincheol/.m2/repository/org/slf4j/slf4j-api/1.7.36/slf4j-api-1.7.36.jar:/Users/jincheol/.m2/repository/org/springframework/spring-jdbc/5.3.22/spring-jdbc-5.3.22.jar:/Users/jincheol/.m2/repository/org/
Launcher Type: SUN_STANDARD

Environment Variables:
PATH=/usr/bin:/bin:/usr/sbin:/sbin
SHELL=/bin/zsh

Signal Handlers:
SIGSEGV: [libjvm.dylib+0x5b719d], sa_mask[0]=11111111111111111111111111111111, sa_flags=SA_ONSTACK|SA_RESTART|SA_SIGINFO
SIGBUS: [libjvm.dylib+0x5b719d], sa_mask[0]=11111111111111111111111111111111, sa_flags=SA_RESTART|SA_SIGINFO
SIGFPE: [libjvm.dylib+0x48c8fc], sa_mask[0]=11111111111111111111111111111111, sa_flags=SA_RESTART|SA_SIGINFO
SIGPIPE: [libjvm.dylib+0x48c8fc], sa_mask[0]=11111111111111111111111111111111, sa_flags=SA_RESTART|SA_SIGINFO
SIGXFSZ: [libjvm.dylib+0x48c8fc], sa_mask[0]=11111111111111111111111111111111, sa_flags=SA_RESTART|SA_SIGINFO
SIGILL: [libjvm.dylib+0x48c8fc], sa_mask[0]=11111111111111111111111111111111, sa_flags=SA_RESTART|SA_SIGINFO
SIGUSR1: SIG_DFL, sa_mask[0]=00000000000000000000000000000000, sa_flags=none
SIGUSR2: [libjvm.dylib+0x48c41a], sa_mask[0]=00100000000000000000000000000000, sa_flags=SA_RESTART|SA_SIGINFO
SIGHUP: [libjvm.dylib+0x48a9a5], sa_mask[0]=11111111111111111111111111111111, sa_flags=SA_RESTART|SA_SIGINFO
SIGINT: [libjvm.dylib+0x48a9a5], sa_mask[0]=11111111111111111111111111111111, sa_flags=SA_RESTART|SA_SIGINFO
SIGTERM: [libjvm.dylib+0x48a9a5], sa_mask[0]=11111111111111111111111111111111, sa_flags=SA_RESTART|SA_SIGINFO
SIGQUIT: [libjvm.dylib+0x48a9a5], sa_mask[0]=11111111111111111111111111111111, sa_flags=SA_RESTART|SA_SIGINFO


---------------  S Y S T E M  ---------------

OS:Bsduname:Darwin 21.3.0 Darwin Kernel Version 21.3.0: Wed Jan  5 21:37:58 PST 2022; root:xnu-8019.80.24~20/RELEASE_ARM64_T8101 x86_64
rlimit: STACK 8176k, CORE 0k, NPROC 2666, NOFILE 10240, AS infinity
load average:1.89 2.10 2.06

CPU:total 8 (initial active 8) (1 cores per cpu, 1 threads per core) family 6 model 44 stepping 0, cmov, cx8, fxsr, mmx, sse, sse2, sse3, ssse3, sse4.1, sse4.2, popcnt, aes, clmul, tsc, tscinvbit, tscinv

Memory: 4k page, physical 16777216k(18804k free)

/proc/meminfo:


vm_info: Java HotSpot(TM) 64-Bit Server VM (25.202-b08) for bsd-amd64 JRE (1.8.0_202-b08), built on Dec 15 2018 20:16:16 by "java_re" with gcc 4.2.1 (Based on Apple Inc. build 5658) (LLVM build 2336.11.00)

time: Thu Aug 18 21:35:22 2022
timezone: KST
elapsed time: 151 seconds (0d 0h 2m 31s)

